::1 - - [27/May/2022:08:16:56 +0000] "GET /api/v1/categories HTTP/1.1" 200 1568 "-" "PostmanRuntime/7.29.0"
::1 - - [27/May/2022:08:17:06 +0000] "DELETE /api/v1/categories/23 HTTP/1.1" 400 252 "-" "PostmanRuntime/7.29.0"
::1 - - [27/May/2022:08:20:29 +0000] "GET /api/v1/categories HTTP/1.1" 200 1568 "-" "PostmanRuntime/7.29.0"
::1 - - [27/May/2022:08:21:03 +0000] "DELETE /api/v1/categories/5e90434cd433fa11b078ed8a HTTP/1.1" 200 328 "-" "PostmanRuntime/7.29.0"
::1 - - [27/May/2022:08:21:49 +0000] "PUT /api/v1/categories/1 HTTP/1.1" 400 249 "-" "PostmanRuntime/7.29.0"
::1 - - [27/May/2022:08:22:08 +0000] "PUT /api/v1/categories/5e90434cd433fa11b078ed8a HTTP/1.1" 400 95 "-" "PostmanRuntime/7.29.0"
::1 - - [27/May/2022:08:22:40 +0000] "DELETE /api/v1/categories/asd HTTP/1.1" 400 255 "-" "PostmanRuntime/7.29.0"
::1 - - [27/May/2022:08:23:14 +0000] "GET /api/v1/categories HTTP/1.1" 200 1263 "-" "PostmanRuntime/7.29.0"
::1 - - [27/May/2022:08:23:26 +0000] "DELETE /api/v1/categories/5e90478549941f52dcb01b3a HTTP/1.1" 400 99 "-" "PostmanRuntime/7.29.0"
::1 - - [27/May/2022:08:23:35 +0000] "DELETE /api/v1/categories/5e90478549941f52dcb01b3a HTTP/1.1" 400 101 "-" "PostmanRuntime/7.29.0"
::1 - - [27/May/2022:08:28:01 +0000] "GET /api/v1/categories HTTP/1.1" 200 1263 "-" "PostmanRuntime/7.29.0"
::1 - - [27/May/2022:08:28:10 +0000] "PUT /api/v1/categories/5e90478549941f52dcb01b34 HTTP/1.1" 200 319 "-" "PostmanRuntime/7.29.0"
::1 - - [27/May/2022:08:29:48 +0000] "PUT /api/v1/categories/5e90478549941f52dcb01b34 HTTP/1.1" 200 319 "-" "PostmanRuntime/7.29.0"
::1 - - [27/May/2022:08:30:07 +0000] "PUT /api/v1/categories/5e90478549941f52dcb01b34 HTTP/1.1" 200 319 "-" "PostmanRuntime/7.29.0"
::1 - - [27/May/2022:08:30:28 +0000] "PUT /api/v1/categories/5e90478549941f52dcb01b34 HTTP/1.1" 200 312 "-" "PostmanRuntime/7.29.0"
::1 - - [27/May/2022:08:30:31 +0000] "PUT /api/v1/categories/5e90478549941f52dcb01b34 HTTP/1.1" 200 312 "-" "PostmanRuntime/7.29.0"
::1 - - [27/May/2022:08:32:49 +0000] "PUT /api/v1/categories/5e90478549941f52dcb01b34 HTTP/1.1" 200 312 "-" "PostmanRuntime/7.29.0"
::1 - - [27/May/2022:08:32:54 +0000] "PUT /api/v1/categories/asd HTTP/1.1" 400 255 "-" "PostmanRuntime/7.29.0"
::1 - - [27/May/2022:08:33:03 +0000] "PUT /api/v1/categories/5e90478549941f52dcb01b3q HTTP/1.1" 400 318 "-" "PostmanRuntime/7.29.0"
::1 - - [27/May/2022:08:33:09 +0000] "PUT /api/v1/categories/5e90478549941f52dcb01b30 HTTP/1.1" 400 95 "-" "PostmanRuntime/7.29.0"
::1 - - [27/May/2022:08:33:18 +0000] "PUT /api/v1/categories/5e90478549941f52dcb01b34 HTTP/1.1" 200 312 "-" "PostmanRuntime/7.29.0"
::1 - - [27/May/2022:08:33:24 +0000] "GET /api/v1/categories HTTP/1.1" 200 1256 "-" "PostmanRuntime/7.29.0"
::1 - - [27/May/2022:08:37:10 +0000] "POST /api/v1/categories HTTP/1.1" 200 273 "-" "PostmanRuntime/7.29.0"
